2018-01-27 12:44:42,180 INFO  [Log] **************************************************************************************** 
2018-01-27 12:44:42,181 INFO  [Log] **************************************************************************************** 
2018-01-27 12:44:42,182 INFO  [Log] $$$$$$$$$$$$$$$$$$$$$                 Test Suite Begin         $$$$$$$$$$$$$$$$$$$$$$$$$ 
2018-01-27 12:44:42,182 INFO  [Log] **************************************************************************************** 
2018-01-27 12:44:42,182 INFO  [Log] **************************************************************************************** 
2018-01-27 12:44:42,182 INFO  [Log] Loading properties file 
2018-01-27 12:44:42,189 INFO  [Log] Start class 
2018-01-27 12:44:42,190 INFO  [Log] Setting the data engine object 
2018-01-27 12:44:43,109 INFO  [Log] **************************************************************************************** 
2018-01-27 12:44:43,109 INFO  [Log] **************************************************************************************** 
2018-01-27 12:44:43,109 INFO  [Log] **************************************************************************************** 
2018-01-27 12:44:43,109 INFO  [Log] $$$$$$$$$$$$$$$$$$$$$                 TC001       $$$$$$$$$$$$$$$$$$$$$$$$$ 
2018-01-27 12:44:43,109 INFO  [Log] **************************************************************************************** 
2018-01-27 12:44:43,109 INFO  [Log] **************************************************************************************** 
2018-01-27 12:44:43,109 INFO  [Log] **************************************************************************************** 
2018-01-27 12:44:43,110 INFO  [Log] **************************************************************************************** 
2018-01-27 12:44:43,110 INFO  [Log] $$$$$$$$$$$$$$$$$$$$$                 TC006       $$$$$$$$$$$$$$$$$$$$$$$$$ 
2018-01-27 12:44:43,110 INFO  [Log] **************************************************************************************** 
2018-01-27 12:44:43,110 INFO  [Log] **************************************************************************************** 
2018-01-27 12:44:43,110 INFO  [Log] **************************************************************************************** 
2018-01-27 12:44:43,111 INFO  [Log] **************************************************************************************** 
2018-01-27 12:44:43,111 INFO  [Log] $$$$$$$$$$$$$$$$$$$$$                 TC002       $$$$$$$$$$$$$$$$$$$$$$$$$ 
2018-01-27 12:44:43,111 INFO  [Log] **************************************************************************************** 
2018-01-27 12:44:43,111 INFO  [Log] **************************************************************************************** 
2018-01-27 12:44:43,111 INFO  [Log] **************************************************************************************** 
2018-01-27 12:44:43,111 INFO  [Log] **************************************************************************************** 
2018-01-27 12:44:43,111 INFO  [Log] $$$$$$$$$$$$$$$$$$$$$                 TC008       $$$$$$$$$$$$$$$$$$$$$$$$$ 
2018-01-27 12:44:43,111 INFO  [Log] **************************************************************************************** 
2018-01-27 12:44:43,111 INFO  [Log] **************************************************************************************** 
2018-01-27 12:44:43,111 INFO  [Log] **************************************************************************************** 
2018-01-27 12:44:43,111 INFO  [Log] **************************************************************************************** 
2018-01-27 12:44:43,111 INFO  [Log] $$$$$$$$$$$$$$$$$$$$$                 TC010       $$$$$$$$$$$$$$$$$$$$$$$$$ 
2018-01-27 12:44:43,111 INFO  [Log] **************************************************************************************** 
2018-01-27 12:44:43,111 INFO  [Log] **************************************************************************************** 
2018-01-27 12:44:43,109 INFO  [Log] **************************************************************************************** 
2018-01-27 12:44:43,112 INFO  [Log] $$$$$$$$$$$$$$$$$$$$$                 TC009       $$$$$$$$$$$$$$$$$$$$$$$$$ 
2018-01-27 12:44:43,112 INFO  [Log] **************************************************************************************** 
2018-01-27 12:44:43,112 INFO  [Log] **************************************************************************************** 
2018-01-27 12:44:43,112 INFO  [Log] **************************************************************************************** 
2018-01-27 12:44:43,112 INFO  [Log] **************************************************************************************** 
2018-01-27 12:44:43,112 INFO  [Log] $$$$$$$$$$$$$$$$$$$$$                 TC007       $$$$$$$$$$$$$$$$$$$$$$$$$ 
2018-01-27 12:44:43,112 INFO  [Log] **************************************************************************************** 
2018-01-27 12:44:43,112 INFO  [Log] **************************************************************************************** 
2018-01-27 12:44:43,111 INFO  [Log] Launching browser in local 
2018-01-27 12:44:43,118 INFO  [Log] Launching browser in local 
2018-01-27 12:44:43,119 INFO  [Log] Launching browser in local 
2018-01-27 12:44:43,110 INFO  [Log] **************************************************************************************** 
2018-01-27 12:44:43,122 INFO  [Log] **************************************************************************************** 
2018-01-27 12:44:43,122 INFO  [Log] Launching browser in local 
2018-01-27 12:44:43,110 INFO  [Log] **************************************************************************************** 
2018-01-27 12:44:43,122 INFO  [Log] **************************************************************************************** 
2018-01-27 12:44:43,122 INFO  [Log] $$$$$$$$$$$$$$$$$$$$$                 TC005       $$$$$$$$$$$$$$$$$$$$$$$$$ 
2018-01-27 12:44:43,122 INFO  [Log] **************************************************************************************** 
2018-01-27 12:44:43,122 INFO  [Log] **************************************************************************************** 
2018-01-27 12:44:43,124 INFO  [Log] Launching browser in local 
2018-01-27 12:44:43,110 INFO  [Log] **************************************************************************************** 
2018-01-27 12:44:43,125 INFO  [Log] **************************************************************************************** 
2018-01-27 12:44:43,125 INFO  [Log] $$$$$$$$$$$$$$$$$$$$$                 TC003       $$$$$$$$$$$$$$$$$$$$$$$$$ 
2018-01-27 12:44:43,125 INFO  [Log] **************************************************************************************** 
2018-01-27 12:44:43,125 INFO  [Log] **************************************************************************************** 
2018-01-27 12:44:43,129 INFO  [Log] Launching browser in local 
2018-01-27 12:44:43,132 INFO  [Log] Launching browser in local 
2018-01-27 12:44:43,122 INFO  [Log] $$$$$$$$$$$$$$$$$$$$$                 TC004       $$$$$$$$$$$$$$$$$$$$$$$$$ 
2018-01-27 12:44:43,134 INFO  [Log] **************************************************************************************** 
2018-01-27 12:44:43,134 INFO  [Log] **************************************************************************************** 
2018-01-27 12:44:43,136 INFO  [Log] Launching browser in local 
2018-01-27 12:44:43,138 INFO  [Log] Launching browser in local 
2018-01-27 12:44:43,139 INFO  [Log] Launching browser in local 
2018-01-27 12:44:54,495 INFO  [Log] Redirecting to url - https://mpower.tvo.org/educators/#/login/ 
2018-01-27 12:44:54,524 INFO  [Log] Redirecting to url - http://www.store.demoqa.com 
2018-01-27 12:44:55,379 INFO  [Log] Redirecting to url - https://mpower.tvo.org/educators/#/login/ 
2018-01-27 12:44:55,385 INFO  [Log] Redirecting to url - https://mpower.tvo.org/educators/#/login/ 
2018-01-27 12:44:55,413 INFO  [Log] Redirecting to url - https://mpower.tvo.org/educators/#/login/ 
2018-01-27 12:44:55,570 INFO  [Log] Redirecting to url - https://www.avivainsurance.ca/ 
2018-01-27 12:44:56,366 INFO  [Log] Redirecting to url - https://mpower.tvo.org/educators/#/login/ 
2018-01-27 12:44:56,415 INFO  [Log] Redirecting to url - https://mpower.tvo.org/educators/#/login/ 
2018-01-27 12:44:56,921 INFO  [Log] Redirecting to url - https://mpower.tvo.org/educators/#/login/ 
2018-01-27 12:44:56,946 INFO  [Log] Redirecting to url - https://www.avivainsurance.ca/ 
2018-01-27 12:45:07,642 ERROR [Log] Error redirecting browser | Exception Description - unknown error: cannot determine loading status
from unknown error: missing or invalid 'entry.level'
  (Session info: chrome=63.0.3239.132)
  (Driver info: chromedriver=2.29.461591 (62ebf098771772160f391d75e589dc567915b233),platform=Windows NT 10.0.16299 x86_64) (WARNING: The server did not provide any stacktrace information)
Command duration or timeout: 10.70 seconds
Build info: version: '3.4.0', revision: 'unknown', time: 'unknown'
System info: host: 'DOSI', ip: '192.168.2.14', os.name: 'Windows 10', os.arch: 'amd64', os.version: '10.0', java.version: '1.8.0_101'
Driver info: org.openqa.selenium.chrome.ChromeDriver
Capabilities [{applicationCacheEnabled=false, rotatable=false, mobileEmulationEnabled=false, networkConnectionEnabled=false, chrome={chromedriverVersion=2.29.461591 (62ebf098771772160f391d75e589dc567915b233), userDataDir=C:\Users\Pdosi87\AppData\Local\Temp\scoped_dir468_11193}, takesHeapSnapshot=true, pageLoadStrategy=normal, databaseEnabled=false, handlesAlerts=true, hasTouchScreen=false, version=63.0.3239.132, platform=XP, browserConnectionEnabled=false, nativeEvents=true, acceptSslCerts=true, locationContextEnabled=true, webStorageEnabled=true, browserName=chrome, takesScreenshot=true, javascriptEnabled=true, cssSelectorsEnabled=true, unexpectedAlertBehaviour=}]
Session ID: b3248dac7a7e69703ed6919cd5635d6c 
2018-01-27 12:45:07,693 INFO  [Log] XXXXXXXXXXXXXXXXXXXXXXX             -E---N---D-             XXXXXXXXXXXXXXXXXXXXXX 
2018-01-27 12:45:07,693 INFO  [Log] X 
2018-01-27 12:45:07,694 INFO  [Log] X 
2018-01-27 12:45:07,694 INFO  [Log] X 
2018-01-27 12:45:07,694 INFO  [Log] X 
2018-01-27 12:45:11,377 ERROR [Log] Error redirecting browser | Exception Description - unknown error: cannot determine loading status
from unknown error: missing or invalid 'entry.level'
  (Session info: chrome=63.0.3239.132)
  (Driver info: chromedriver=2.29.461591 (62ebf098771772160f391d75e589dc567915b233),platform=Windows NT 10.0.16299 x86_64) (WARNING: The server did not provide any stacktrace information)
Command duration or timeout: 16.88 seconds
Build info: version: '3.4.0', revision: 'unknown', time: 'unknown'
System info: host: 'DOSI', ip: '192.168.2.14', os.name: 'Windows 10', os.arch: 'amd64', os.version: '10.0', java.version: '1.8.0_101'
Driver info: org.openqa.selenium.chrome.ChromeDriver
Capabilities [{applicationCacheEnabled=false, rotatable=false, mobileEmulationEnabled=false, networkConnectionEnabled=false, chrome={chromedriverVersion=2.29.461591 (62ebf098771772160f391d75e589dc567915b233), userDataDir=C:\Users\Pdosi87\AppData\Local\Temp\scoped_dir13436_10401}, takesHeapSnapshot=true, pageLoadStrategy=normal, databaseEnabled=false, handlesAlerts=true, hasTouchScreen=false, version=63.0.3239.132, platform=XP, browserConnectionEnabled=false, nativeEvents=true, acceptSslCerts=true, locationContextEnabled=true, webStorageEnabled=true, browserName=chrome, takesScreenshot=true, javascriptEnabled=true, cssSelectorsEnabled=true, unexpectedAlertBehaviour=}]
Session ID: ad62372c232a7b07fb4eba6200aa9bf5 
2018-01-27 12:45:11,379 INFO  [Log] XXXXXXXXXXXXXXXXXXXXXXX             -E---N---D-             XXXXXXXXXXXXXXXXXXXXXX 
2018-01-27 12:45:11,379 INFO  [Log] X 
2018-01-27 12:45:11,379 INFO  [Log] X 
2018-01-27 12:45:11,379 INFO  [Log] X 
2018-01-27 12:45:11,379 INFO  [Log] X 
2018-01-27 12:45:19,499 ERROR [Log] Error redirecting browser | Exception Description - unknown error: cannot determine loading status
from unknown error: missing or invalid 'entry.level'
  (Session info: chrome=63.0.3239.132)
  (Driver info: chromedriver=2.29.461591 (62ebf098771772160f391d75e589dc567915b233),platform=Windows NT 10.0.16299 x86_64) (WARNING: The server did not provide any stacktrace information)
Command duration or timeout: 24.12 seconds
Build info: version: '3.4.0', revision: 'unknown', time: 'unknown'
System info: host: 'DOSI', ip: '192.168.2.14', os.name: 'Windows 10', os.arch: 'amd64', os.version: '10.0', java.version: '1.8.0_101'
Driver info: org.openqa.selenium.chrome.ChromeDriver
Capabilities [{applicationCacheEnabled=false, rotatable=false, mobileEmulationEnabled=false, networkConnectionEnabled=false, chrome={chromedriverVersion=2.29.461591 (62ebf098771772160f391d75e589dc567915b233), userDataDir=C:\Users\Pdosi87\AppData\Local\Temp\scoped_dir12928_12311}, takesHeapSnapshot=true, pageLoadStrategy=normal, databaseEnabled=false, handlesAlerts=true, hasTouchScreen=false, version=63.0.3239.132, platform=XP, browserConnectionEnabled=false, nativeEvents=true, acceptSslCerts=true, locationContextEnabled=true, webStorageEnabled=true, browserName=chrome, takesScreenshot=true, javascriptEnabled=true, cssSelectorsEnabled=true, unexpectedAlertBehaviour=}]
Session ID: ddc906709f9e59edd15d789c91944e71 
2018-01-27 12:45:19,501 INFO  [Log] XXXXXXXXXXXXXXXXXXXXXXX             -E---N---D-             XXXXXXXXXXXXXXXXXXXXXX 
2018-01-27 12:45:19,501 INFO  [Log] X 
2018-01-27 12:45:19,501 INFO  [Log] X 
2018-01-27 12:45:19,501 INFO  [Log] X 
2018-01-27 12:45:19,501 INFO  [Log] X 
2018-01-27 12:45:23,846 ERROR [Log] Error redirecting browser | Exception Description - unknown error: cannot determine loading status
from unknown error: missing or invalid 'entry.level'
  (Session info: chrome=63.0.3239.132)
  (Driver info: chromedriver=2.29.461591 (62ebf098771772160f391d75e589dc567915b233),platform=Windows NT 10.0.16299 x86_64) (WARNING: The server did not provide any stacktrace information)
Command duration or timeout: 28.28 seconds
Build info: version: '3.4.0', revision: 'unknown', time: 'unknown'
System info: host: 'DOSI', ip: '192.168.2.14', os.name: 'Windows 10', os.arch: 'amd64', os.version: '10.0', java.version: '1.8.0_101'
Driver info: org.openqa.selenium.chrome.ChromeDriver
Capabilities [{applicationCacheEnabled=false, rotatable=false, mobileEmulationEnabled=false, networkConnectionEnabled=false, chrome={chromedriverVersion=2.29.461591 (62ebf098771772160f391d75e589dc567915b233), userDataDir=C:\Users\Pdosi87\AppData\Local\Temp\scoped_dir12656_17335}, takesHeapSnapshot=true, pageLoadStrategy=normal, databaseEnabled=false, handlesAlerts=true, hasTouchScreen=false, version=63.0.3239.132, platform=XP, browserConnectionEnabled=false, nativeEvents=true, acceptSslCerts=true, locationContextEnabled=true, webStorageEnabled=true, browserName=chrome, takesScreenshot=true, javascriptEnabled=true, cssSelectorsEnabled=true, unexpectedAlertBehaviour=}]
Session ID: e62aa1c0267b7dc61e769a3d6e74df42 
2018-01-27 12:45:23,848 INFO  [Log] XXXXXXXXXXXXXXXXXXXXXXX             -E---N---D-             XXXXXXXXXXXXXXXXXXXXXX 
2018-01-27 12:45:23,848 INFO  [Log] X 
2018-01-27 12:45:23,848 INFO  [Log] X 
2018-01-27 12:45:23,848 INFO  [Log] X 
2018-01-27 12:45:23,848 INFO  [Log] X 
2018-01-27 12:45:25,548 ERROR [Log] Error redirecting browser | Exception Description - unknown error: missing or invalid 'entry.level'
  (Session info: chrome=63.0.3239.132)
  (Driver info: chromedriver=2.29.461591 (62ebf098771772160f391d75e589dc567915b233),platform=Windows NT 10.0.16299 x86_64) (WARNING: The server did not provide any stacktrace information)
Command duration or timeout: 28.60 seconds
Build info: version: '3.4.0', revision: 'unknown', time: 'unknown'
System info: host: 'DOSI', ip: '192.168.2.14', os.name: 'Windows 10', os.arch: 'amd64', os.version: '10.0', java.version: '1.8.0_101'
Driver info: org.openqa.selenium.chrome.ChromeDriver
Capabilities [{applicationCacheEnabled=false, rotatable=false, mobileEmulationEnabled=false, networkConnectionEnabled=false, chrome={chromedriverVersion=2.29.461591 (62ebf098771772160f391d75e589dc567915b233), userDataDir=C:\Users\Pdosi87\AppData\Local\Temp\scoped_dir6840_23600}, takesHeapSnapshot=true, pageLoadStrategy=normal, databaseEnabled=false, handlesAlerts=true, hasTouchScreen=false, version=63.0.3239.132, platform=XP, browserConnectionEnabled=false, nativeEvents=true, acceptSslCerts=true, locationContextEnabled=true, webStorageEnabled=true, browserName=chrome, takesScreenshot=true, javascriptEnabled=true, cssSelectorsEnabled=true, unexpectedAlertBehaviour=}]
Session ID: 6cb1b95211120dbfa990764028161639 
2018-01-27 12:45:25,550 INFO  [Log] XXXXXXXXXXXXXXXXXXXXXXX             -E---N---D-             XXXXXXXXXXXXXXXXXXXXXX 
2018-01-27 12:45:25,550 INFO  [Log] X 
2018-01-27 12:45:25,550 INFO  [Log] X 
2018-01-27 12:45:25,550 INFO  [Log] X 
2018-01-27 12:45:25,550 INFO  [Log] X 
2018-01-27 12:45:27,692 ERROR [Log] Error redirecting browser | Exception Description - unknown error: cannot determine loading status
from unknown error: missing or invalid 'entry.level'
  (Session info: chrome=63.0.3239.132)
  (Driver info: chromedriver=2.29.461591 (62ebf098771772160f391d75e589dc567915b233),platform=Windows NT 10.0.16299 x86_64) (WARNING: The server did not provide any stacktrace information)
Command duration or timeout: 31.28 seconds
Build info: version: '3.4.0', revision: 'unknown', time: 'unknown'
System info: host: 'DOSI', ip: '192.168.2.14', os.name: 'Windows 10', os.arch: 'amd64', os.version: '10.0', java.version: '1.8.0_101'
Driver info: org.openqa.selenium.chrome.ChromeDriver
Capabilities [{applicationCacheEnabled=false, rotatable=false, mobileEmulationEnabled=false, networkConnectionEnabled=false, chrome={chromedriverVersion=2.29.461591 (62ebf098771772160f391d75e589dc567915b233), userDataDir=C:\Users\Pdosi87\AppData\Local\Temp\scoped_dir11196_9558}, takesHeapSnapshot=true, pageLoadStrategy=normal, databaseEnabled=false, handlesAlerts=true, hasTouchScreen=false, version=63.0.3239.132, platform=XP, browserConnectionEnabled=false, nativeEvents=true, acceptSslCerts=true, locationContextEnabled=true, webStorageEnabled=true, browserName=chrome, takesScreenshot=true, javascriptEnabled=true, cssSelectorsEnabled=true, unexpectedAlertBehaviour=}]
Session ID: ef59782c43c827677427836aa1cb3ab7 
2018-01-27 12:45:27,694 INFO  [Log] XXXXXXXXXXXXXXXXXXXXXXX             -E---N---D-             XXXXXXXXXXXXXXXXXXXXXX 
2018-01-27 12:45:27,694 INFO  [Log] X 
2018-01-27 12:45:27,694 INFO  [Log] X 
2018-01-27 12:45:27,694 INFO  [Log] X 
2018-01-27 12:45:27,694 INFO  [Log] X 
2018-01-27 12:45:28,384 ERROR [Log] Error redirecting browser | Exception Description - unknown error: cannot determine loading status
from unknown error: missing or invalid 'entry.level'
  (Session info: chrome=63.0.3239.132)
  (Driver info: chromedriver=2.29.461591 (62ebf098771772160f391d75e589dc567915b233),platform=Windows NT 10.0.16299 x86_64) (WARNING: The server did not provide any stacktrace information)
Command duration or timeout: 33.00 seconds
Build info: version: '3.4.0', revision: 'unknown', time: 'unknown'
System info: host: 'DOSI', ip: '192.168.2.14', os.name: 'Windows 10', os.arch: 'amd64', os.version: '10.0', java.version: '1.8.0_101'
Driver info: org.openqa.selenium.chrome.ChromeDriver
Capabilities [{applicationCacheEnabled=false, rotatable=false, mobileEmulationEnabled=false, networkConnectionEnabled=false, chrome={chromedriverVersion=2.29.461591 (62ebf098771772160f391d75e589dc567915b233), userDataDir=C:\Users\Pdosi87\AppData\Local\Temp\scoped_dir7284_4627}, takesHeapSnapshot=true, pageLoadStrategy=normal, databaseEnabled=false, handlesAlerts=true, hasTouchScreen=false, version=63.0.3239.132, platform=XP, browserConnectionEnabled=false, nativeEvents=true, acceptSslCerts=true, locationContextEnabled=true, webStorageEnabled=true, browserName=chrome, takesScreenshot=true, javascriptEnabled=true, cssSelectorsEnabled=true, unexpectedAlertBehaviour=}]
Session ID: cc4900815d60c3ab1ba7366d9dbbbe51 
2018-01-27 12:45:28,387 INFO  [Log] XXXXXXXXXXXXXXXXXXXXXXX             -E---N---D-             XXXXXXXXXXXXXXXXXXXXXX 
2018-01-27 12:45:28,387 INFO  [Log] X 
2018-01-27 12:45:28,387 INFO  [Log] X 
2018-01-27 12:45:28,387 INFO  [Log] X 
2018-01-27 12:45:28,387 INFO  [Log] X 
2018-01-27 12:45:29,332 INFO  [Log] Clicking on a webelement 
2018-01-27 12:45:33,663 ERROR [Log] Error redirecting browser | Exception Description - unknown error: cannot determine loading status
from unknown error: missing or invalid 'entry.level'
  (Session info: chrome=63.0.3239.132)
  (Driver info: chromedriver=2.29.461591 (62ebf098771772160f391d75e589dc567915b233),platform=Windows NT 10.0.16299 x86_64) (WARNING: The server did not provide any stacktrace information)
Command duration or timeout: 37.30 seconds
Build info: version: '3.4.0', revision: 'unknown', time: 'unknown'
System info: host: 'DOSI', ip: '192.168.2.14', os.name: 'Windows 10', os.arch: 'amd64', os.version: '10.0', java.version: '1.8.0_101'
Driver info: org.openqa.selenium.chrome.ChromeDriver
Capabilities [{applicationCacheEnabled=false, rotatable=false, mobileEmulationEnabled=false, networkConnectionEnabled=false, chrome={chromedriverVersion=2.29.461591 (62ebf098771772160f391d75e589dc567915b233), userDataDir=C:\Users\Pdosi87\AppData\Local\Temp\scoped_dir1648_25708}, takesHeapSnapshot=true, pageLoadStrategy=normal, databaseEnabled=false, handlesAlerts=true, hasTouchScreen=false, version=63.0.3239.132, platform=XP, browserConnectionEnabled=false, nativeEvents=true, acceptSslCerts=true, locationContextEnabled=true, webStorageEnabled=true, browserName=chrome, takesScreenshot=true, javascriptEnabled=true, cssSelectorsEnabled=true, unexpectedAlertBehaviour=}]
Session ID: e1fd7088cb6e0e87fa8810d24348c0ab 
2018-01-27 12:45:33,666 INFO  [Log] XXXXXXXXXXXXXXXXXXXXXXX             -E---N---D-             XXXXXXXXXXXXXXXXXXXXXX 
2018-01-27 12:45:33,666 INFO  [Log] X 
2018-01-27 12:45:33,666 INFO  [Log] X 
2018-01-27 12:45:33,666 INFO  [Log] X 
2018-01-27 12:45:33,666 INFO  [Log] X 
2018-01-27 12:45:38,881 INFO  [Log] Clicking on a webelement 
2018-01-27 12:45:39,393 ERROR [Log] Error while clicking on a webelement | Exception Description - unknown error: cannot determine loading status
from unknown error: missing or invalid 'entry.level'
  (Session info: chrome=63.0.3239.132)
  (Driver info: chromedriver=2.29.461591 (62ebf098771772160f391d75e589dc567915b233),platform=Windows NT 10.0.16299 x86_64) (WARNING: The server did not provide any stacktrace information)
Command duration or timeout: 9.50 seconds
Build info: version: '3.4.0', revision: 'unknown', time: 'unknown'
System info: host: 'DOSI', ip: '192.168.2.14', os.name: 'Windows 10', os.arch: 'amd64', os.version: '10.0', java.version: '1.8.0_101'
Driver info: org.openqa.selenium.chrome.ChromeDriver
Capabilities [{applicationCacheEnabled=false, rotatable=false, mobileEmulationEnabled=false, networkConnectionEnabled=false, chrome={chromedriverVersion=2.29.461591 (62ebf098771772160f391d75e589dc567915b233), userDataDir=C:\Users\Pdosi87\AppData\Local\Temp\scoped_dir15604_5331}, takesHeapSnapshot=true, pageLoadStrategy=normal, databaseEnabled=false, handlesAlerts=true, hasTouchScreen=false, version=63.0.3239.132, platform=XP, browserConnectionEnabled=false, nativeEvents=true, acceptSslCerts=true, locationContextEnabled=true, webStorageEnabled=true, browserName=chrome, takesScreenshot=true, javascriptEnabled=true, cssSelectorsEnabled=true, unexpectedAlertBehaviour=}]
Session ID: 6088cd1bf4a74abd969c6f0a2edd1cd9 
2018-01-27 12:45:39,394 INFO  [Log] XXXXXXXXXXXXXXXXXXXXXXX             -E---N---D-             XXXXXXXXXXXXXXXXXXXXXX 
2018-01-27 12:45:39,394 INFO  [Log] X 
2018-01-27 12:45:39,394 INFO  [Log] X 
2018-01-27 12:45:39,394 INFO  [Log] X 
2018-01-27 12:45:39,394 INFO  [Log] X 
2018-01-27 12:45:47,911 ERROR [Log] Error while clicking on a webelement | Exception Description - null 
2018-01-27 12:45:47,913 INFO  [Log] XXXXXXXXXXXXXXXXXXXXXXX             -E---N---D-             XXXXXXXXXXXXXXXXXXXXXX 
2018-01-27 12:45:47,913 INFO  [Log] X 
2018-01-27 12:45:47,913 INFO  [Log] X 
2018-01-27 12:45:47,913 INFO  [Log] X 
2018-01-27 12:45:47,913 INFO  [Log] X 
2018-01-27 12:45:47,914 INFO  [Log] Saving the result 
2018-04-22 12:40:28,860 INFO  [Log] **************************************************************************************** 
2018-04-22 12:40:28,860 INFO  [Log] **************************************************************************************** 
2018-04-22 12:40:28,860 INFO  [Log] $$$$$$$$$$$$$$$$$$$$$                 Test Suite Begin         $$$$$$$$$$$$$$$$$$$$$$$$$ 
2018-04-22 12:40:28,860 INFO  [Log] **************************************************************************************** 
2018-04-22 12:40:28,860 INFO  [Log] **************************************************************************************** 
2018-04-22 12:40:28,860 INFO  [Log] Loading properties file 
2018-04-22 12:40:28,865 INFO  [Log] Start class 
2018-04-22 12:40:28,865 INFO  [Log] Setting the data engine object 
2018-04-22 12:40:29,738 INFO  [Log] **************************************************************************************** 
2018-04-22 12:40:29,738 INFO  [Log] **************************************************************************************** 
2018-04-22 12:40:29,738 INFO  [Log] $$$$$$$$$$$$$$$$$$$$$                 TC001       $$$$$$$$$$$$$$$$$$$$$$$$$ 
2018-04-22 12:40:29,738 INFO  [Log] **************************************************************************************** 
2018-04-22 12:40:29,738 INFO  [Log] **************************************************************************************** 
2018-04-22 12:40:29,739 INFO  [Log] Launching browser in local 
2018-04-22 12:40:32,765 INFO  [Log] Redirecting to url - http://www.store.demoqa.com 
2018-04-22 12:40:36,285 INFO  [Log] Clicking on a webelement 
2018-04-22 12:40:37,872 INFO  [Log] Entering data - testuser_3 
2018-04-22 12:40:38,061 INFO  [Log] Entering data - Test@123 
2018-04-22 12:40:38,225 INFO  [Log] Clicking on a webelement 
2018-04-22 12:40:38,361 INFO  [Log] Force wait for 4 seconds 
2018-04-22 12:40:42,364 INFO  [Log] Closing the browser 
2018-04-22 12:40:51,643 INFO  [Log] XXXXXXXXXXXXXXXXXXXXXXX             -E---N---D-             XXXXXXXXXXXXXXXXXXXXXX 
2018-04-22 12:40:51,643 INFO  [Log] X 
2018-04-22 12:40:51,644 INFO  [Log] X 
2018-04-22 12:40:51,644 INFO  [Log] X 
2018-04-22 12:40:51,644 INFO  [Log] X 
2018-04-22 12:40:51,646 INFO  [Log] **************************************************************************************** 
2018-04-22 12:40:51,646 INFO  [Log] **************************************************************************************** 
2018-04-22 12:40:51,646 INFO  [Log] $$$$$$$$$$$$$$$$$$$$$                 TC002       $$$$$$$$$$$$$$$$$$$$$$$$$ 
2018-04-22 12:40:51,646 INFO  [Log] **************************************************************************************** 
2018-04-22 12:40:51,646 INFO  [Log] **************************************************************************************** 
2018-04-22 12:40:51,651 INFO  [Log] Launching browser in local 
2018-04-22 12:40:54,106 INFO  [Log] Redirecting to url - https://mpower.tvo.org/educators/#/login/ 
2018-04-22 12:40:57,325 INFO  [Log] Clicking on a webelement 
2018-04-22 12:40:57,556 INFO  [Log] Reading data from a webelement 
2018-04-22 12:40:57,648 INFO  [Log] Force wait for 2 seconds 
2018-04-22 12:40:59,649 INFO  [Log] Closing the browser 
2018-04-22 12:41:08,898 INFO  [Log] XXXXXXXXXXXXXXXXXXXXXXX             -E---N---D-             XXXXXXXXXXXXXXXXXXXXXX 
2018-04-22 12:41:08,898 INFO  [Log] X 
2018-04-22 12:41:08,898 INFO  [Log] X 
2018-04-22 12:41:08,898 INFO  [Log] X 
2018-04-22 12:41:08,899 INFO  [Log] X 
2018-04-22 12:41:08,951 INFO  [Log] Saving the result 
2018-04-28 12:51:13,925 INFO  [Log] **************************************************************************************** 
2018-04-28 12:51:13,926 INFO  [Log] **************************************************************************************** 
2018-04-28 12:51:13,926 INFO  [Log] $$$$$$$$$$$$$$$$$$$$$                 Test Suite Begin         $$$$$$$$$$$$$$$$$$$$$$$$$ 
2018-04-28 12:51:13,926 INFO  [Log] **************************************************************************************** 
2018-04-28 12:51:13,926 INFO  [Log] **************************************************************************************** 
2018-04-28 12:51:13,926 INFO  [Log] Loading properties file 
2018-04-28 12:51:13,932 INFO  [Log] Start class 
2018-04-28 12:51:13,932 INFO  [Log] Setting the data engine object 
2018-04-28 12:51:14,889 INFO  [Log] **************************************************************************************** 
2018-04-28 12:51:14,889 INFO  [Log] **************************************************************************************** 
2018-04-28 12:51:14,889 INFO  [Log] $$$$$$$$$$$$$$$$$$$$$                 TC001       $$$$$$$$$$$$$$$$$$$$$$$$$ 
2018-04-28 12:51:14,889 INFO  [Log] **************************************************************************************** 
2018-04-28 12:51:14,889 INFO  [Log] **************************************************************************************** 
2018-04-28 12:51:14,891 INFO  [Log] Launching browser in local 
2018-04-28 12:51:18,285 INFO  [Log] Redirecting to url - http://www.store.demoqa.com 
2018-04-28 12:51:23,923 INFO  [Log] Clicking on a webelement 
2018-04-28 12:51:27,589 INFO  [Log] Entering data - testuser_3 
2018-04-28 12:51:27,939 INFO  [Log] Entering data - Test@123 
2018-04-28 12:51:28,177 INFO  [Log] Clicking on a webelement 
2018-04-28 12:51:28,339 INFO  [Log] Force wait for 4 seconds 
2018-04-28 12:51:32,341 INFO  [Log] Closing the browser 
2018-04-28 12:51:41,570 INFO  [Log] XXXXXXXXXXXXXXXXXXXXXXX             -E---N---D-             XXXXXXXXXXXXXXXXXXXXXX 
2018-04-28 12:51:41,570 INFO  [Log] X 
2018-04-28 12:51:41,570 INFO  [Log] X 
2018-04-28 12:51:41,570 INFO  [Log] X 
2018-04-28 12:51:41,570 INFO  [Log] X 
2018-04-28 12:51:41,571 INFO  [Log] **************************************************************************************** 
2018-04-28 12:51:41,571 INFO  [Log] **************************************************************************************** 
2018-04-28 12:51:41,571 INFO  [Log] $$$$$$$$$$$$$$$$$$$$$                 TC002       $$$$$$$$$$$$$$$$$$$$$$$$$ 
2018-04-28 12:51:41,571 INFO  [Log] **************************************************************************************** 
2018-04-28 12:51:41,571 INFO  [Log] **************************************************************************************** 
2018-04-28 12:51:41,574 INFO  [Log] Launching browser in local 
2018-04-28 12:51:44,701 INFO  [Log] Redirecting to url - https://mpower.tvo.org/educators/#/login/ 
2018-04-28 12:51:48,311 INFO  [Log] Clicking on a webelement 
2018-04-28 12:51:48,591 INFO  [Log] Reading data from a webelement 
2018-04-28 12:51:48,709 INFO  [Log] Force wait for 2 seconds 
2018-04-28 12:51:50,710 INFO  [Log] Closing the browser 
2018-04-28 12:51:59,853 INFO  [Log] XXXXXXXXXXXXXXXXXXXXXXX             -E---N---D-             XXXXXXXXXXXXXXXXXXXXXX 
2018-04-28 12:51:59,854 INFO  [Log] X 
2018-04-28 12:51:59,854 INFO  [Log] X 
2018-04-28 12:51:59,854 INFO  [Log] X 
2018-04-28 12:51:59,854 INFO  [Log] X 
2018-04-28 12:51:59,889 INFO  [Log] Saving the result 
2018-04-28 12:51:59,890 ERROR [Log] Error saving the results | Exception Description - DataEngine.xlsx (The process cannot access the file because it is being used by another process) 
2019-03-03 22:41:38,476 INFO  [Log] **************************************************************************************** 
2019-03-03 22:41:38,477 INFO  [Log] **************************************************************************************** 
2019-03-03 22:41:38,478 INFO  [Log] $$$$$$$$$$$$$$$$$$$$$                 Test Suite Begin         $$$$$$$$$$$$$$$$$$$$$$$$$ 
2019-03-03 22:41:38,478 INFO  [Log] **************************************************************************************** 
2019-03-03 22:41:38,478 INFO  [Log] **************************************************************************************** 
2019-03-03 22:41:38,478 INFO  [Log] Loading properties file 
2019-03-03 22:41:38,501 INFO  [Log] Start class 
2019-03-03 22:41:38,502 INFO  [Log] Setting the data engine object 
2019-03-03 22:41:39,373 INFO  [Log] **************************************************************************************** 
2019-03-03 22:41:39,373 INFO  [Log] **************************************************************************************** 
2019-03-03 22:41:39,373 INFO  [Log] $$$$$$$$$$$$$$$$$$$$$                 TC002       $$$$$$$$$$$$$$$$$$$$$$$$$ 
2019-03-03 22:41:39,373 INFO  [Log] **************************************************************************************** 
2019-03-03 22:41:39,373 INFO  [Log] **************************************************************************************** 
2019-03-03 22:41:39,375 INFO  [Log] Launching browser in local 
2019-03-03 22:41:42,850 INFO  [Log] Redirecting to url - https://mpower.tvo.org/educators/#/login/ 
2019-03-03 22:41:46,954 INFO  [Log] Clicking on a webelement 
2019-03-03 22:41:52,281 ERROR [Log] Error while clicking on a webelement | Exception Description - null 
2019-03-03 22:41:52,284 INFO  [Log] XXXXXXXXXXXXXXXXXXXXXXX             -E---N---D-             XXXXXXXXXXXXXXXXXXXXXX 
2019-03-03 22:41:52,284 INFO  [Log] X 
2019-03-03 22:41:52,284 INFO  [Log] X 
2019-03-03 22:41:52,284 INFO  [Log] X 
2019-03-03 22:41:52,284 INFO  [Log] X 
2019-03-03 22:41:52,362 INFO  [Log] Saving the result 
2019-03-03 22:43:38,683 INFO  [Log] **************************************************************************************** 
2019-03-03 22:43:38,683 INFO  [Log] **************************************************************************************** 
2019-03-03 22:43:38,684 INFO  [Log] $$$$$$$$$$$$$$$$$$$$$                 Test Suite Begin         $$$$$$$$$$$$$$$$$$$$$$$$$ 
2019-03-03 22:43:38,684 INFO  [Log] **************************************************************************************** 
2019-03-03 22:43:38,684 INFO  [Log] **************************************************************************************** 
2019-03-03 22:43:38,684 INFO  [Log] Loading properties file 
2019-03-03 22:43:38,692 INFO  [Log] Start class 
2019-03-03 22:43:38,692 INFO  [Log] Setting the data engine object 
2019-03-03 22:43:39,378 INFO  [Log] **************************************************************************************** 
2019-03-03 22:43:39,378 INFO  [Log] **************************************************************************************** 
2019-03-03 22:43:39,378 INFO  [Log] $$$$$$$$$$$$$$$$$$$$$                 TC002       $$$$$$$$$$$$$$$$$$$$$$$$$ 
2019-03-03 22:43:39,378 INFO  [Log] **************************************************************************************** 
2019-03-03 22:43:39,378 INFO  [Log] **************************************************************************************** 
2019-03-03 22:43:39,379 INFO  [Log] Launching browser in local 
2019-03-03 22:43:42,196 INFO  [Log] Redirecting to url - https://mpower.tvo.org/educators/#/login/ 
2019-03-03 22:43:47,104 INFO  [Log] Clicking on a webelement 
2019-03-03 22:43:47,312 INFO  [Log] Reading data from a webelement 
2019-03-03 22:43:47,413 INFO  [Log] XXXXXXXXXXXXXXXXXXXXXXX             -E---N---D-             XXXXXXXXXXXXXXXXXXXXXX 
2019-03-03 22:43:47,413 INFO  [Log] X 
2019-03-03 22:43:47,413 INFO  [Log] X 
2019-03-03 22:43:47,413 INFO  [Log] X 
2019-03-03 22:43:47,413 INFO  [Log] X 
2019-03-03 22:43:47,496 INFO  [Log] Saving the result 
2019-03-03 22:44:58,010 INFO  [Log] **************************************************************************************** 
2019-03-03 22:44:58,010 INFO  [Log] **************************************************************************************** 
2019-03-03 22:44:58,010 INFO  [Log] $$$$$$$$$$$$$$$$$$$$$                 Test Suite Begin         $$$$$$$$$$$$$$$$$$$$$$$$$ 
2019-03-03 22:44:58,010 INFO  [Log] **************************************************************************************** 
2019-03-03 22:44:58,010 INFO  [Log] **************************************************************************************** 
2019-03-03 22:44:58,011 INFO  [Log] Loading properties file 
2019-03-03 22:44:58,018 INFO  [Log] Start class 
2019-03-03 22:44:58,018 INFO  [Log] Setting the data engine object 
2019-03-03 22:44:58,686 INFO  [Log] **************************************************************************************** 
2019-03-03 22:44:58,686 INFO  [Log] **************************************************************************************** 
2019-03-03 22:44:58,687 INFO  [Log] $$$$$$$$$$$$$$$$$$$$$                 TC002       $$$$$$$$$$$$$$$$$$$$$$$$$ 
2019-03-03 22:44:58,687 INFO  [Log] **************************************************************************************** 
2019-03-03 22:44:58,687 INFO  [Log] **************************************************************************************** 
2019-03-03 22:44:58,691 INFO  [Log] Launching browser in local 
2019-03-03 22:45:01,567 INFO  [Log] Redirecting to url - https://mpower.tvo.org/educators/#/login/ 
2019-03-03 22:45:06,070 INFO  [Log] Clicking on a webelement 
2019-03-03 22:45:06,244 INFO  [Log] Reading data from a webelement 
2019-03-03 22:45:06,337 INFO  [Log] Force wait for 2 seconds 
2019-03-03 22:45:08,341 INFO  [Log] Closing the browser 
2019-03-03 22:45:18,854 INFO  [Log] XXXXXXXXXXXXXXXXXXXXXXX             -E---N---D-             XXXXXXXXXXXXXXXXXXXXXX 
2019-03-03 22:45:18,855 INFO  [Log] X 
2019-03-03 22:45:18,855 INFO  [Log] X 
2019-03-03 22:45:18,855 INFO  [Log] X 
2019-03-03 22:45:18,855 INFO  [Log] X 
2019-03-03 22:45:18,993 INFO  [Log] Saving the result 
